Determining if the pthread_create exist failed with the following output:
Change Dir: /home/sumit/Downloads/startercode.0 (3)/catkin_ws/build/CMakeFiles/CMakeTmp

Run Build Command:"/usr/bin/make" "cmTC_0453b/fast"
/usr/bin/make -f CMakeFiles/cmTC_0453b.dir/build.make CMakeFiles/cmTC_0453b.dir/build
make[1]: Entering directory '/home/sumit/Downloads/startercode.0 (3)/catkin_ws/build/CMakeFiles/CMakeTmp'
Building C object CMakeFiles/cmTC_0453b.dir/CheckSymbolExists.c.o
/usr/bin/cc     -o CMakeFiles/cmTC_0453b.dir/CheckSymbolExists.c.o   -c "/home/sumit/Downloads/startercode.0 (3)/catkin_ws/build/CMakeFiles/CMakeTmp/CheckSymbolExists.c"
Linking C executable cmTC_0453b
/usr/bin/cmake -E cmake_link_script CMakeFiles/cmTC_0453b.dir/link.txt --verbose=1
/usr/bin/cc       CMakeFiles/cmTC_0453b.dir/CheckSymbolExists.c.o  -o cmTC_0453b -rdynamic 
CMakeFiles/cmTC_0453b.dir/CheckSymbolExists.c.o: In function `main':
CheckSymbolExists.c:(.text+0x16): undefined reference to `pthread_create'
collect2: error: ld returned 1 exit status
CMakeFiles/cmTC_0453b.dir/build.make:97: recipe for target 'cmTC_0453b' failed
make[1]: *** [cmTC_0453b] Error 1
make[1]: Leaving directory '/home/sumit/Downloads/startercode.0 (3)/catkin_ws/build/CMakeFiles/CMakeTmp'
Makefile:126: recipe for target 'cmTC_0453b/fast' failed
make: *** [cmTC_0453b/fast] Error 2

File /home/sumit/Downloads/startercode.0 (3)/catkin_ws/build/CMakeFiles/CMakeTmp/CheckSymbolExists.c:
/* */
#include <pthread.h>

int main(int argc, char** argv)
{
  (void)argv;
#ifndef pthread_create
  return ((int*)(&pthread_create))[argc];
#else
  (void)argc;
  return 0;
#endif
}

Determining if the function pthread_create exists in the pthreads failed with the following output:
Change Dir: /home/sumit/Downloads/startercode.0 (3)/catkin_ws/build/CMakeFiles/CMakeTmp

Run Build Command:"/usr/bin/make" "cmTC_407aa/fast"
/usr/bin/make -f CMakeFiles/cmTC_407aa.dir/build.make CMakeFiles/cmTC_407aa.dir/build
make[1]: Entering directory '/home/sumit/Downloads/startercode.0 (3)/catkin_ws/build/CMakeFiles/CMakeTmp'
Building C object CMakeFiles/cmTC_407aa.dir/CheckFunctionExists.c.o
/usr/bin/cc    -DCHECK_FUNCTION_EXISTS=pthread_create   -o CMakeFiles/cmTC_407aa.dir/CheckFunctionExists.c.o   -c /usr/share/cmake-3.5/Modules/CheckFunctionExists.c
Linking C executable cmTC_407aa
/usr/bin/cmake -E cmake_link_script CMakeFiles/cmTC_407aa.dir/link.txt --verbose=1
/usr/bin/cc   -DCHECK_FUNCTION_EXISTS=pthread_create    CMakeFiles/cmTC_407aa.dir/CheckFunctionExists.c.o  -o cmTC_407aa -rdynamic -lpthreads 
/usr/bin/ld: cannot find -lpthreads
collect2: error: ld returned 1 exit status
CMakeFiles/cmTC_407aa.dir/build.make:97: recipe for target 'cmTC_407aa' failed
make[1]: *** [cmTC_407aa] Error 1
make[1]: Leaving directory '/home/sumit/Downloads/startercode.0 (3)/catkin_ws/build/CMakeFiles/CMakeTmp'
Makefile:126: recipe for target 'cmTC_407aa/fast' failed
make: *** [cmTC_407aa/fast] Error 2


